Last Not Complete Stopped@Line 238 |Cut Mode|  Elapsed: 00:03:29  ConsoleMvSpeed 2  FileEndSpeed 1.5    22:26:00  10-27-2014
 File Completed:No  Ln:238 Max: 9.76, 8.56, 0.80  Min: 0.00, 0.00,- 0.02  Offset:no  Brks=8  TBCs: .000, .000, -.006  Props: 1.000, 1.000, 1.000
Last Complete  |Cut Mode|  Elapsed: 00:08:40  ConsoleMvSpeed 2  FileEndSpeed 1.5    22:35:12  10-27-2014
 File Completed:Yes Ln:2608 Max: 14.69, 10.57, 0.80  Min: 0.00, 0.00,- 0.02  Offset:no  Brks=0  TBCs: .000, .000, -.006  Props: 1.000, 1.000, 1.000
Last Complete  |Cut Mode|  Elapsed: 00:08:44  ConsoleMvSpeed 2  FileEndSpeed 1.5    23:03:02  10-27-2014
 File Completed:Yes Ln:2608 Max: 14.69, 10.57, 0.80  Min: 0.00, 0.00,- 0.02  Offset:no  Brks=0  TBCs: .000, .000, -.006  Props: 1.000, 1.000, 1.000
Last Complete  |Cut Mode|  Elapsed: 00:09:00  ConsoleMvSpeed 2  FileEndSpeed 1.5    23:13:48  10-27-2014
 File Completed:Yes Ln:2608 Max: 14.69, 10.57, 0.80  Min: 0.00, 0.00,- 0.02  Offset:no  Brks=0  TBCs: .000, .000, -.007  Props: 1.000, 1.000, 1.000
Last Complete  |Cut Mode|  Elapsed: 00:08:43  ConsoleMvSpeed 2  FileEndSpeed 1.5    23:24:22  10-27-2014
 File Completed:Yes Ln:2608 Max: 14.69, 10.57, 0.80  Min: 0.00, 0.00,- 0.02  Offset:no  Brks=0  TBCs: .000, .000, -.007  Props: 1.000, 1.000, 1.000
Last Complete  |Cut Mode|  Elapsed: 00:08:43  ConsoleMvSpeed 2  FileEndSpeed 1.5    23:34:33  10-27-2014
 File Completed:Yes Ln:2608 Max: 14.69, 10.57, 0.80  Min: 0.00, 0.00,- 0.02  Offset:no  Brks=0  TBCs: .000, .000, -.007  Props: 1.000, 1.000, 1.000
Last Not Complete Stopped@Line 858 |Cut Mode|  Elapsed: 00:04:23  ConsoleMvSpeed 2  FileEndSpeed 1.5    23:47:15  10-27-2014
 File Completed:No  Ln:858 Max: 10.74, 10.57, 0.80  Min: 0.00, 0.00,- 0.02  Offset:no  Brks=7  TBCs: .000, .000, -.013  Props: 1.000, 1.000, 1.000
Last Complete  |Cut Mode|  Elapsed: 00:08:42  ConsoleMvSpeed 2  FileEndSpeed 1.5    23:56:04  10-27-2014
 File Completed:Yes Ln:2608 Max: 14.69, 10.57, 0.80  Min: 0.00, 0.00,- 0.02  Offset:no  Brks=0  TBCs: .000, .000, -.013  Props: 1.000, 1.000, 1.000
Last Complete  |Cut Mode|  Elapsed: 00:09:17  ConsoleMvSpeed 2  FileEndSpeed 1.5    00:17:12  10-28-2014
 File Completed:Yes Ln:2608 Max: 14.69, 10.57, 0.80  Min: 0.00, 0.00,- 0.02  Offset:no  Brks=0  TBCs: .000, .000, -.015  Props: 1.000, 1.000, 1.000
Last Complete  |Cut Mode|  Elapsed: 00:10:28  ConsoleMvSpeed 2  FileEndSpeed 1.5    00:35:46  10-30-2014
 File Completed:Yes Ln:2602 Max: 14.69, 10.57, 0.80  Min: 0.00, 0.00,- 0.02  Offset:no  Brks=0  TBCs: .000, .000, .000  Props: 1.000, 1.000, 1.000
Last Complete  |Cut Mode|  Elapsed: 00:09:58  ConsoleMvSpeed 2  FileEndSpeed 1.5    00:46:45  10-30-2014
 File Completed:Yes Ln:2602 Max: 14.69, 10.57, 0.80  Min: 0.00, 0.00,- 0.02  Offset:no  Brks=0  TBCs: .000, .000, -.004  Props: 1.000, 1.000, 1.000
Last Complete  |Cut Mode|  Elapsed: 00:08:50  ConsoleMvSpeed 2  FileEndSpeed 1.5    23:20:59  10-30-2014
 File Completed:Yes Ln:2602 Max: 14.69, 10.57, 0.80  Min: 0.00, 0.00,- 0.02  Offset:no  Brks=0  TBCs: .000, .000, .000  Props: 1.000, 1.000, 1.000
Last Complete  |Cut Mode|  Elapsed: 00:10:27  ConsoleMvSpeed 2  FileEndSpeed 1.5    00:13:05  10-31-2014
 File Completed:Yes Ln:2602 Max: 14.69, 10.57, 0.80  Min: 0.00, 0.00,- 0.02  Offset:no  Brks=0  TBCs: .000, .000, .007  Props: 1.000, 1.000, 1.000
