Last Complete  |Cut Mode|  Elapsed: 00:10:28  ConsoleMvSpeed 2  FileEndSpeed 1.5    00:37:13  10-28-2014
 File Completed:Yes Ln:2864 Max: 14.65, 10.56, 0.80  Min: 0.00, 0.00,- 0.02  Offset:no  Brks=0  TBCs: .006, .000, -.015  Props: 1.000, 1.000, 1.000
Last Complete  |Cut Mode|  Elapsed: 00:09:51  ConsoleMvSpeed 2  FileEndSpeed 1.5    01:12:35  10-28-2014
 File Completed:Yes Ln:2864 Max: 14.65, 10.56, 0.80  Min: 0.00, 0.00,- 0.02  Offset:no  Brks=0  TBCs: .006, .000, -.013  Props: 1.000, 1.000, 1.000
Last Not Complete Stopped@Line 89 |Cut Mode|  Elapsed: 00:00:32  ConsoleMvSpeed 2  FileEndSpeed 1.5    02:53:46  10-28-2014
 File Completed:No  Ln:89 Max: 9.50, 8.06, 0.80  Min: 0.00, 0.00,- 0.02  Offset:no  Brks=1  TBCs: .006, .000, -.013  Props: 1.000, 1.000, 1.000
Last Complete  |Cut Mode|  Elapsed: 00:08:42  ConsoleMvSpeed 2  FileEndSpeed 1.5    03:03:04  10-28-2014
 File Completed:Yes Ln:2864 Max: 14.65, 10.56, 0.80  Min: 0.00, 0.00,- 0.02  Offset:no  Brks=0  TBCs: .006, .000, -.013  Props: 1.000, 1.000, 1.000
Last Complete  |Cut Mode|  Elapsed: 00:08:44  ConsoleMvSpeed 2  FileEndSpeed 1.5    03:14:14  10-28-2014
 File Completed:Yes Ln:2864 Max: 14.65, 10.56, 0.80  Min: 0.00, 0.00,- 0.02  Offset:no  Brks=0  TBCs: .006, .000, -.013  Props: 1.000, 1.000, 1.000
Last Complete  |Cut Mode|  Elapsed: 00:08:44  ConsoleMvSpeed 2  FileEndSpeed 1.5    06:02:01  10-28-2014
 File Completed:Yes Ln:2864 Max: 14.65, 10.56, 0.80  Min: 0.00, 0.00,- 0.02  Offset:no  Brks=0  TBCs: .006, .000, -.013  Props: 1.000, 1.000, 1.000
Last Complete  |Cut Mode|  Elapsed: 00:09:08  ConsoleMvSpeed 2  FileEndSpeed 1.5    06:14:04  10-28-2014
 File Completed:Yes Ln:2864 Max: 14.65, 10.56, 0.80  Min: 0.00, 0.00,- 0.02  Offset:no  Brks=0  TBCs: .006, .000, -.015  Props: 1.000, 1.000, 1.000
Last Complete  |Cut Mode|  Elapsed: 00:06:28  ConsoleMvSpeed 2  FileEndSpeed 1.5    00:55:10  10-30-2014
 File Completed:Yes Ln:2098 Max: 14.65, 10.56, 0.80  Min: 0.00, 0.00,- 0.02  Offset:no  Brks=0  TBCs: .000, .000, -.004  Props: 1.000, 1.000, 1.000
Last Complete  |Cut Mode|  Elapsed: 00:09:29  ConsoleMvSpeed 2  FileEndSpeed 1.5    00:24:02  10-31-2014
 File Completed:Yes Ln:2900 Max: 14.65, 10.56, 0.80  Min: 0.00, 0.00,- 0.02  Offset:no  Brks=0  TBCs: .000, .000, .007  Props: 1.000, 1.000, 1.000
Last Complete  |Cut Mode|  Elapsed: 00:08:57  ConsoleMvSpeed 2  FileEndSpeed 1.5    01:17:09  11-02-2014
 File Completed:Yes Ln:2957 Max: 14.65, 10.56, 0.80  Min: 0.00, 0.00,- 0.02  Offset:no  Brks=0  TBCs: -.002, .000, -.011  Props: 1.000, 1.000, 1.000
Last Complete  |Cut Mode|  Elapsed: 00:08:54  ConsoleMvSpeed 2  FileEndSpeed 1.5    01:44:01  11-02-2014
 File Completed:Yes Ln:2957 Max: 14.65, 10.56, 0.80  Min: 0.00, 0.00,- 0.02  Offset:no  Brks=0  TBCs: -.002, .000, -.011  Props: 1.000, 1.000, 1.000
Last Complete  |Cut Mode|  Elapsed: 00:09:46  ConsoleMvSpeed 2  FileEndSpeed 1.5    01:55:22  11-02-2014
 File Completed:Yes Ln:2957 Max: 14.65, 10.56, 0.80  Min: 0.00, 0.00,- 0.02  Offset:no  Brks=0  TBCs: .008, .000, -.011  Props: 1.000, 1.000, 1.000
Last Complete  |Cut Mode|  Elapsed: 00:51:05  ConsoleMvSpeed 2  FileEndSpeed 1.5    01:07:54  11-02-2014
 File Completed:Yes Ln:2957 Max: 14.65, 10.56, 0.80  Min: 0.00, 0.00,- 0.02  Offset:no  Brks=0  TBCs: .008, .000, -.011  Props: 1.000, 1.000, 1.000
Last Complete  |Cut Mode|  Elapsed: 00:08:54  ConsoleMvSpeed 2  FileEndSpeed 1.5    01:19:14  11-02-2014
 File Completed:Yes Ln:2957 Max: 14.65, 10.56, 0.80  Min: 0.00, 0.00,- 0.02  Offset:no  Brks=0  TBCs: .008, .000, -.011  Props: 1.000, 1.000, 1.000
Last Complete  |Cut Mode|  Elapsed: 00:08:54  ConsoleMvSpeed 2  FileEndSpeed 1.5    01:30:49  11-02-2014
 File Completed:Yes Ln:2957 Max: 14.65, 10.56, 0.80  Min: 0.00, 0.00,- 0.02  Offset:no  Brks=0  TBCs: .008, .000, -.011  Props: 1.000, 1.000, 1.000
Last Complete  |Cut Mode|  Elapsed: 00:09:20  ConsoleMvSpeed 2  FileEndSpeed 1.5    05:35:04  11-04-2014
 File Completed:Yes Ln:2957 Max: 14.65, 10.56, 0.80  Min: 0.00, 0.00,- 0.02  Offset:no  Brks=0  TBCs: .002, .000, -.007  Props: 1.000, 1.000, 1.000
Last Complete  |Cut Mode|  Elapsed: 00:09:40  ConsoleMvSpeed 1.5  FileEndSpeed 1.5    05:50:50  11-04-2014
 File Completed:Yes Ln:2957 Max: 14.65, 10.56, 0.80  Min: 0.00, 0.00,- 0.02  Offset:no  Brks=0  TBCs: .004, .000, -.003  Props: 1.000, 1.000, 1.000
Last Complete  |Cut Mode|  Elapsed: 00:08:53  ConsoleMvSpeed 1.5  FileEndSpeed 1.5    06:00:18  11-04-2014
 File Completed:Yes Ln:2957 Max: 14.65, 10.56, 0.80  Min: 0.00, 0.00,- 0.02  Offset:no  Brks=0  TBCs: .004, .000, -.003  Props: 1.000, 1.000, 1.000
Last Complete  |Cut Mode|  Elapsed: 00:08:54  ConsoleMvSpeed 1.5  FileEndSpeed 1.5    06:10:30  11-04-2014
 File Completed:Yes Ln:2957 Max: 14.65, 10.56, 0.80  Min: 0.00, 0.00,- 0.02  Offset:no  Brks=0  TBCs: .004, .000, -.003  Props: 1.000, 1.000, 1.000
Last Complete  |Cut Mode|  Elapsed: 00:09:18  ConsoleMvSpeed 1.5  FileEndSpeed 1.5    06:20:34  11-04-2014
 File Completed:Yes Ln:2957 Max: 14.65, 10.56, 0.80  Min: 0.00, 0.00,- 0.02  Offset:no  Brks=0  TBCs: .006, .000, -.003  Props: 1.000, 1.000, 1.000
Last Complete  |Cut Mode|  Elapsed: 00:08:56  ConsoleMvSpeed 1.5  FileEndSpeed 1.5    06:30:21  11-04-2014
 File Completed:Yes Ln:2957 Max: 14.65, 10.56, 0.80  Min: 0.00, 0.00,- 0.02  Offset:no  Brks=0  TBCs: .006, .000, -.003  Props: 1.000, 1.000, 1.000
Last Complete  |Cut Mode|  Elapsed: 00:08:54  ConsoleMvSpeed 1.5  FileEndSpeed 1.5    06:40:45  11-04-2014
 File Completed:Yes Ln:2957 Max: 14.65, 10.56, 0.80  Min: 0.00, 0.00,- 0.02  Offset:no  Brks=0  TBCs: .006, .000, -.003  Props: 1.000, 1.000, 1.000
Last Complete  |Cut Mode|  Elapsed: 00:09:17  ConsoleMvSpeed 1.5  FileEndSpeed 1.5    06:50:48  11-04-2014
 File Completed:Yes Ln:2957 Max: 14.65, 10.56, 0.80  Min: 0.00, 0.00,- 0.02  Offset:no  Brks=0  TBCs: .008, .000, -.003  Props: 1.000, 1.000, 1.000
Last Complete  |Cut Mode|  Elapsed: 00:09:13  ConsoleMvSpeed 1.5  FileEndSpeed 1.5    07:00:56  11-04-2014
 File Completed:Yes Ln:2957 Max: 14.65, 10.56, 0.80  Min: 0.00, 0.00,- 0.02  Offset:no  Brks=0  TBCs: .010, .000, -.003  Props: 1.000, 1.000, 1.000
Last Complete  |Cut Mode|  Elapsed: 00:09:22  ConsoleMvSpeed 1.5  FileEndSpeed 1.5    07:12:45  11-04-2014
 File Completed:Yes Ln:2957 Max: 14.65, 10.56, 0.80  Min: 0.00, 0.00,- 0.02  Offset:no  Brks=0  TBCs: .008, .000, -.003  Props: 1.000, 1.000, 1.000
Last Not Complete Stopped@Line 136 |Cut Mode|  Elapsed: 00:00:59  ConsoleMvSpeed 1.5  FileEndSpeed 1.5    07:25:55  11-04-2014
 File Completed:No  Ln:136 Max: 9.65, 8.36, 0.80  Min: 0.00, 0.00,- 0.02  Offset:no  Brks=3  TBCs: .008, .000, -.006  Props: 1.000, 1.000, 1.000
Last Complete  |Cut Mode|  Elapsed: 00:10:31  ConsoleMvSpeed 1.5  FileEndSpeed 1.5    07:38:43  11-04-2014
 File Completed:Yes Ln:2957 Max: 14.65, 10.56, 0.80  Min: 0.00, 0.00,- 0.03  Offset:no  Brks=0  TBCs: .008, .000, .004  Props: 1.000, 1.000, 1.000
