Last Complete  |Cut Mode|  Elapsed: 00:27:05  ConsoleMvSpeed 2  FileEndSpeed 0.3    06:45:55  10-28-2014
 File Completed:Yes Ln:1943 Max: 14.74, 10.66, 0.80  Min: 0.00, 0.00,- 0.09  Offset:no  Brks=0  TBCs: .006, .000, -.013  Props: 1.000, 1.000, 1.000
Last Complete  |Cut Mode|  Elapsed: 00:26:38  ConsoleMvSpeed 2  FileEndSpeed 0.3    07:41:35  10-28-2014
 File Completed:Yes Ln:1943 Max: 14.74, 10.66, 0.80  Min: 0.00, 0.00,- 0.09  Offset:no  Brks=0  TBCs: .006, .000, -.013  Props: 1.000, 1.000, 1.000
Last Complete  |Cut Mode|  Elapsed: 00:26:39  ConsoleMvSpeed 2  FileEndSpeed 0.3    08:37:04  10-28-2014
 File Completed:Yes Ln:1943 Max: 14.74, 10.66, 0.80  Min: 0.00, 0.00,- 0.09  Offset:no  Brks=0  TBCs: .006, .000, -.013  Props: 1.000, 1.000, 1.000
Last Complete  |Cut Mode|  Elapsed: 00:09:45  ConsoleMvSpeed 2  FileEndSpeed 1.5    23:33:51  10-30-2014
 File Completed:Yes Ln:2900 Max: 14.65, 10.56, 0.80  Min: 0.00, 0.00,- 0.03  Offset:no  Brks=0  TBCs: .000, .000, .002  Props: 1.000, 1.000, 1.000
Last Complete  |Cut Mode|  Elapsed: 00:27:39  ConsoleMvSpeed 2  FileEndSpeed 0.3    02:00:53  11-02-2014
 File Completed:Yes Ln:2164 Max: 14.74, 10.66, 0.80  Min: 0.00, 0.00,- 0.09  Offset:no  Brks=0  TBCs: .008, .000, -.011  Props: 1.000, 1.000, 1.000
Last Complete  |Cut Mode|  Elapsed: 00:27:29  ConsoleMvSpeed 2  FileEndSpeed 0.3    11:20:45  11-02-2014
 File Completed:Yes Ln:2164 Max: 14.74, 10.66, 0.80  Min: 0.00, 0.00,- 0.09  Offset:no  Brks=0  TBCs: .008, .000, -.011  Props: 1.000, 1.000, 1.000
Last Complete  |Cut Mode|  Elapsed: 00:27:29  ConsoleMvSpeed 2  FileEndSpeed 0.3    14:05:42  11-02-2014
 File Completed:Yes Ln:2164 Max: 14.74, 10.66, 0.80  Min: 0.00, 0.00,- 0.09  Offset:no  Brks=0  TBCs: .008, .000, -.011  Props: 1.000, 1.000, 1.000
Last Complete  |Cut Mode|  Elapsed: 00:27:28  ConsoleMvSpeed 2  FileEndSpeed 0.3    14:35:24  11-02-2014
 File Completed:Yes Ln:2164 Max: 14.74, 10.66, 0.80  Min: 0.00, 0.00,- 0.09  Offset:no  Brks=0  TBCs: .008, .000, -.011  Props: 1.000, 1.000, 1.000
Last Complete  |Cut Mode|  Elapsed: 00:27:29  ConsoleMvSpeed 2  FileEndSpeed 0.3    15:05:30  11-02-2014
 File Completed:Yes Ln:2164 Max: 14.74, 10.66, 0.80  Min: 0.00, 0.00,- 0.09  Offset:no  Brks=0  TBCs: .008, .000, -.011  Props: 1.000, 1.000, 1.000
Last Complete  |Cut Mode|  Elapsed: 00:27:28  ConsoleMvSpeed 2  FileEndSpeed 0.3    15:35:32  11-02-2014
 File Completed:Yes Ln:2164 Max: 14.74, 10.66, 0.80  Min: 0.00, 0.00,- 0.09  Offset:no  Brks=0  TBCs: .008, .000, -.011  Props: 1.000, 1.000, 1.000
Last Not Complete Stopped@Line 120 |Cut Mode|  Elapsed: 00:02:19  ConsoleMvSpeed 1.5  FileEndSpeed 0.3    07:44:14  11-04-2014
 File Completed:No  Ln:120 Max: 12.56, 10.58, 0.80  Min: 0.00, 0.00,- 0.02  Offset:no  Brks=5  TBCs: .008, .000, -.002  Props: 1.000, 1.000, 1.000
Last Not Complete Stopped@Line 223 |Cut Mode|  Elapsed: 00:00:12  ConsoleMvSpeed 1.5  FileEndSpeed 1.5    07:44:31  11-04-2014
 File Completed:No  Ln:223 Max: 11.76, 10.37, 0.50  Min: 11.76, 10.37, 0.50  Offset:no  Brks=0  TBCs: .008, .000, -.002  Props: 1.000, 1.000, 1.000
Last Complete  |Cut Mode|  Elapsed: 00:27:27  ConsoleMvSpeed 1.5  FileEndSpeed 0.3    08:12:01  11-04-2014
 File Completed:Yes Ln:2164 Max: 14.74, 10.66, 0.80  Min: 0.00, 0.00,- 0.09  Offset:no  Brks=0  TBCs: .008, .000, -.002  Props: 1.000, 1.000, 1.000
Last Complete  |Cut Mode|  Elapsed: 00:27:29  ConsoleMvSpeed 1.5  FileEndSpeed 0.3    08:41:40  11-04-2014
 File Completed:Yes Ln:2164 Max: 14.74, 10.66, 0.80  Min: 0.00, 0.00,- 0.09  Offset:no  Brks=0  TBCs: .008, .000, -.002  Props: 1.000, 1.000, 1.000
Last Complete  |Cut Mode|  Elapsed: 00:27:25  ConsoleMvSpeed 1.5  FileEndSpeed 0.3    21:21:01  11-04-2014
 File Completed:Yes Ln:2164 Max: 14.74, 10.66, 1.33  Min: 0.00, 0.00,- 0.09  Offset:no  Brks=0  TBCs: .000, .000, .000  Props: 1.000, 1.000, 1.000
Last Complete  |Cut Mode|  Elapsed: 00:27:30  ConsoleMvSpeed 1.5  FileEndSpeed 0.3    21:50:08  11-04-2014
 File Completed:Yes Ln:2164 Max: 14.74, 10.66, 0.80  Min: 0.00, 0.00,- 0.09  Offset:no  Brks=0  TBCs: .000, .000, .000  Props: 1.000, 1.000, 1.000
Last Complete  |Cut Mode|  Elapsed: 00:27:30  ConsoleMvSpeed 1.5  FileEndSpeed 0.3    22:19:16  11-04-2014
 File Completed:Yes Ln:2164 Max: 14.74, 10.66, 0.80  Min: 0.00, 0.00,- 0.09  Offset:no  Brks=0  TBCs: .000, .000, .000  Props: 1.000, 1.000, 1.000
Last Complete  |Cut Mode|  Elapsed: 00:27:28  ConsoleMvSpeed 1.5  FileEndSpeed 0.3    22:49:27  11-04-2014
 File Completed:Yes Ln:2164 Max: 14.74, 10.66, 0.80  Min: 0.00, 0.00,- 0.09  Offset:no  Brks=0  TBCs: .000, .000, .000  Props: 1.000, 1.000, 1.000
Last Complete  |Cut Mode|  Elapsed: 00:27:29  ConsoleMvSpeed 1.5  FileEndSpeed 0.3    23:17:38  11-04-2014
 File Completed:Yes Ln:2164 Max: 14.74, 10.66, 0.80  Min: 0.00, 0.00,- 0.09  Offset:no  Brks=0  TBCs: .000, .000, .000  Props: 1.000, 1.000, 1.000
Last Complete  |Cut Mode|  Elapsed: 00:27:29  ConsoleMvSpeed 1.5  FileEndSpeed 0.3    23:48:55  11-04-2014
 File Completed:Yes Ln:2164 Max: 14.74, 10.66, 0.80  Min: 0.00, 0.00,- 0.09  Offset:no  Brks=0  TBCs: .000, .000, .000  Props: 1.000, 1.000, 1.000
Last Complete  |Cut Mode|  Elapsed: 00:27:56  ConsoleMvSpeed 1.5  FileEndSpeed 0.3    00:22:14  11-05-2014
 File Completed:Yes Ln:2164 Max: 14.74, 10.66, 0.80  Min: 0.00, 0.00,- 0.09  Offset:no  Brks=0  TBCs: .000, .000, -.002  Props: 1.000, 1.000, 1.000
Last Complete  |Cut Mode|  Elapsed: 00:27:29  ConsoleMvSpeed 1.5  FileEndSpeed 0.3    00:52:04  11-05-2014
 File Completed:Yes Ln:2164 Max: 14.74, 10.66, 0.80  Min: 0.00, 0.00,- 0.09  Offset:no  Brks=0  TBCs: .000, .000, -.002  Props: 1.000, 1.000, 1.000
