Last Complete  |Cut Mode|  Elapsed: 00:04:16  ConsoleMvSpeed 2  FileEndSpeed 0.3    16:18:00  11-02-2014
 File Completed:Yes Ln:183 Max: 14.74, 10.66, 0.80  Min: 0.00, 0.00,- 0.03  Offset:no  Brks=0  TBCs: .008, .000, -.011  Props: 1.000, 1.000, 1.000
Last Complete  |Cut Mode|  Elapsed: 00:02:53  ConsoleMvSpeed 2  FileEndSpeed 0.3    16:29:47  11-02-2014
 File Completed:Yes Ln:126 Max: 14.74, 10.66, 0.80  Min: 0.00, 0.00,- 0.03  Offset:no  Brks=0  TBCs: .008, .000, -.011  Props: 1.000, 1.000, 1.000
Last Complete  |Cut Mode|  Elapsed: 00:02:19  ConsoleMvSpeed 2  FileEndSpeed 0.3    16:34:03  11-02-2014
 File Completed:Yes Ln:126 Max: 14.74, 10.66, 0.80  Min: 0.00, 0.00,- 0.03  Offset:no  Brks=0  TBCs: .008, .000, -.011  Props: 1.000, 1.000, 1.000
Last Complete  |Cut Mode|  Elapsed: 00:02:23  ConsoleMvSpeed 2  FileEndSpeed 0.3    16:37:51  11-02-2014
 File Completed:Yes Ln:126 Max: 14.74, 10.66, 0.80  Min: 0.00, 0.00,- 0.03  Offset:no  Brks=0  TBCs: .008, .000, -.011  Props: 1.000, 1.000, 1.000
Last Complete  |Cut Mode|  Elapsed: 00:02:24  ConsoleMvSpeed 2  FileEndSpeed 0.3    16:41:35  11-02-2014
 File Completed:Yes Ln:126 Max: 14.74, 10.66, 0.80  Min: 0.00, 0.00,- 0.03  Offset:no  Brks=0  TBCs: .008, .000, -.011  Props: 1.000, 1.000, 1.000
Last Complete  |Cut Mode|  Elapsed: 00:02:20  ConsoleMvSpeed 2  FileEndSpeed 0.3    16:44:49  11-02-2014
 File Completed:Yes Ln:126 Max: 14.74, 10.66, 0.80  Min: 0.00, 0.00,- 0.03  Offset:no  Brks=0  TBCs: .008, .000, -.011  Props: 1.000, 1.000, 1.000
Last Complete  |Cut Mode|  Elapsed: 00:02:20  ConsoleMvSpeed 1.5  FileEndSpeed 0.3    00:59:25  11-05-2014
 File Completed:Yes Ln:126 Max: 14.74, 10.66, 0.80  Min: 0.00, 0.00,- 0.03  Offset:no  Brks=0  TBCs: .000, .000, -.002  Props: 1.000, 1.000, 1.000
Last Complete  |Cut Mode|  Elapsed: 00:02:20  ConsoleMvSpeed 1.5  FileEndSpeed 0.3    01:03:17  11-05-2014
 File Completed:Yes Ln:126 Max: 14.74, 10.66, 0.80  Min: 0.00, 0.00,- 0.03  Offset:no  Brks=0  TBCs: .000, .000, -.002  Props: 1.000, 1.000, 1.000
Last Complete  |Cut Mode|  Elapsed: 00:03:47  ConsoleMvSpeed 1.5  FileEndSpeed 0.3    01:07:37  11-05-2014
 File Completed:Yes Ln:126 Max: 14.74, 10.66, 0.80  Min: 0.00, 0.00,- 0.03  Offset:no  Brks=0  TBCs: .000, .000, -.002  Props: 1.000, 1.000, 1.000
Last Not Complete Stopped@Line 77 |Cut Mode|  Elapsed: 00:01:00  ConsoleMvSpeed 1.5  FileEndSpeed 0.3    01:09:21  11-05-2014
 File Completed:No  Ln:77 Max: 12.79, 8.66, 0.80  Min: 0.00, 0.00,- 0.03  Offset:no  Brks=1  TBCs: .000, .000, -.002  Props: 1.000, 1.000, 1.000
Last Complete  |Cut Mode|  Elapsed: 00:02:16  ConsoleMvSpeed 1.5  FileEndSpeed 0.3    01:13:28  11-05-2014
 File Completed:Yes Ln:126 Max: 14.74, 10.66, 0.80  Min: 0.00, 0.00,- 0.03  Offset:no  Brks=0  TBCs: .000, .000, -.002  Props: 1.000, 1.000, 1.000
Last Complete  |Cut Mode|  Elapsed: 00:02:19  ConsoleMvSpeed 1.5  FileEndSpeed 0.3    01:16:21  11-05-2014
 File Completed:Yes Ln:126 Max: 14.74, 10.66, 0.80  Min: 0.00, 0.00,- 0.03  Offset:no  Brks=0  TBCs: .000, .000, -.002  Props: 1.000, 1.000, 1.000
Last Complete  |Cut Mode|  Elapsed: 00:02:21  ConsoleMvSpeed 1.5  FileEndSpeed 0.3    01:19:11  11-05-2014
 File Completed:Yes Ln:126 Max: 14.74, 10.66, 0.80  Min: 0.00, 0.00,- 0.03  Offset:no  Brks=0  TBCs: .000, .000, -.002  Props: 1.000, 1.000, 1.000
Last Complete  |Cut Mode|  Elapsed: 00:02:19  ConsoleMvSpeed 1.5  FileEndSpeed 0.3    01:22:09  11-05-2014
 File Completed:Yes Ln:126 Max: 14.74, 10.66, 0.80  Min: 0.00, 0.00,- 0.03  Offset:no  Brks=0  TBCs: .000, .000, -.002  Props: 1.000, 1.000, 1.000
Last Complete  |Cut Mode|  Elapsed: 00:02:19  ConsoleMvSpeed 1.5  FileEndSpeed 0.3    01:25:42  11-05-2014
 File Completed:Yes Ln:126 Max: 14.74, 10.66, 0.80  Min: 0.00, 0.00,- 0.03  Offset:no  Brks=0  TBCs: .000, .000, -.002  Props: 1.000, 1.000, 1.000
Last Complete  |Cut Mode|  Elapsed: 00:02:19  ConsoleMvSpeed 1.5  FileEndSpeed 0.3    01:28:47  11-05-2014
 File Completed:Yes Ln:126 Max: 14.74, 10.66, 0.80  Min: 0.00, 0.00,- 0.03  Offset:no  Brks=0  TBCs: .000, .000, -.002  Props: 1.000, 1.000, 1.000
Last Complete  |Cut Mode|  Elapsed: 00:02:19  ConsoleMvSpeed 1.5  FileEndSpeed 0.3    01:32:53  11-05-2014
 File Completed:Yes Ln:126 Max: 14.74, 10.66, 0.80  Min: 0.00, 0.00,- 0.03  Offset:no  Brks=0  TBCs: .000, .000, -.002  Props: 1.000, 1.000, 1.000
